<?xml version="1.0" encoding="UTF-8"?>
<!-- Generated by org.testng.reporters.JUnitReportReporter -->
<testsuite hostname="DESKTOP-DD8RH3S" failures="0" tests="3" name="TestCases.CartTestPage" time="14.321" errors="0" timestamp="2023-06-19T20:14:55 IST" skipped="0">
  <testcase classname="TestCases.CartTestPage" name="verifyURLCartPageTest" time="4.787"/>
  <testcase classname="TestCases.CartTestPage" name="verifyYourCartLabelTest" time="4.791"/>
  <testcase classname="TestCases.CartTestPage" name="verifySwagLabslabelCartPageTest" time="4.743"/>
</testsuite> <!-- TestCases.CartTestPage -->
