<?xml version="1.0" encoding="UTF-8"?>
<!-- Generated by org.testng.reporters.JUnitReportReporter -->
<testsuite hostname="DESKTOP-DD8RH3S" failures="0" tests="5" name="TestCases.CheckOutCompleteTestPage" time="27.012" errors="0" timestamp="2023-06-19T20:14:55 IST" skipped="0">
  <testcase classname="TestCases.CheckOutCompleteTestPage" name="verifyThankyouforyourorderLabelTest" time="5.262"/>
  <testcase classname="TestCases.CheckOutCompleteTestPage" name="verifyponyExpressImageTest" time="5.259"/>
  <testcase classname="TestCases.CheckOutCompleteTestPage" name="verifyCheckoutCompleteLabelTest" time="6.306"/>
  <testcase classname="TestCases.CheckOutCompleteTestPage" name="verifyYourOrderLabelTest" time="5.086"/>
  <testcase classname="TestCases.CheckOutCompleteTestPage" name="verifyCheckOutCompleteURLTest" time="5.099"/>
</testsuite> <!-- TestCases.CheckOutCompleteTestPage -->
