<?xml version="1.0" encoding="UTF-8"?>
<!-- Generated by org.testng.reporters.JUnitReportReporter -->
<testsuite hostname="DESKTOP-DD8RH3S" failures="0" tests="4" name="TestCases.CheckOutTestPage2" time="19.985" errors="0" timestamp="2023-06-19T20:14:55 IST" skipped="0">
  <testcase classname="TestCases.CheckOutTestPage2" name="verifyShippingInfoLabelTest" time="4.978"/>
  <testcase classname="TestCases.CheckOutTestPage2" name="verifyPriceTotalLabelTest" time="4.945"/>
  <testcase classname="TestCases.CheckOutTestPage2" name="verifyPaymentInfoLabelTest" time="4.977"/>
  <testcase classname="TestCases.CheckOutTestPage2" name="verifyCheckOutOverviewLabelTest" time="5.085"/>
</testsuite> <!-- TestCases.CheckOutTestPage2 -->
