<?xml version="1.0" encoding="UTF-8"?>
<!-- Generated by org.testng.reporters.JUnitReportReporter -->
<testsuite hostname="DESKTOP-DD8RH3S" failures="0" tests="4" name="TestCases.CheckOutTestPage1" time="19.478" errors="0" timestamp="2023-06-19T20:14:55 IST" skipped="0">
  <testcase classname="TestCases.CheckOutTestPage1" name="verifySwagLabsCheckOut1LabelTest" time="4.731"/>
  <testcase classname="TestCases.CheckOutTestPage1" name="verifyURLCheckOut1Test" time="4.839"/>
  <testcase classname="TestCases.CheckOutTestPage1" name="inputCheckOutInfoTest" time="5.024"/>
  <testcase classname="TestCases.CheckOutTestPage1" name="verifyCheckOutLabelTest" time="4.884"/>
</testsuite> <!-- TestCases.CheckOutTestPage1 -->
